-- -*- M2-comint -*- hash: 1202954457

i1 : R = QQ;

i2 : Q = R[e_1,f_1,Degrees=>{{-1,0},{2,-2}}];

i3 : declareCouple(Q, {z => {4,0}}, {x => {1,0}, y => {1,2}, w => {5,2}})

o3 = cokernel {5, 2} | e_1^2 e_1f_1 0     0      0     0      0     0   |
              {1, 0} | 0     0      e_1^2 e_1f_1 0     0      0     0   |
              {1, 2} | 0     0      0     0      e_1^2 e_1f_1 0     0   |
              {4, 0} | 0     0      0     0      0     0      e_1^3 f_1 |

                            4
o3 : Q-module, quotient of Q

i4 : C = cospan(e_1*z-f_1*y)

o4 = cokernel {5, 2} | 0    e_1^2 e_1f_1 0     0      0     0      0     0   |
              {1, 0} | 0    0     0      e_1^2 e_1f_1 0     0      0     0   |
              {1, 2} | -f_1 0     0      0     0      e_1^2 e_1f_1 0     0   |
              {4, 0} | e_1  0     0      0     0      0     0      e_1^3 f_1 |

                            4
o4 : Q-module, quotient of Q

i5 : isHomogeneous C

o5 = true

i6 : expectExactCouple C

i7 : plotPages((-2..4,-2..3,1..4), prune @@ evaluateInDegree,C)
page 1, with differential of degree {-1, 0}:
+----++----+----+---+---+---+---+---+
|q=3 ||0   |0   |0  |0  |0  |0  |0  |
+----++----+----+---+---+---+---+---+
|q=2 ||0   |0   |0  |0  |0  |0  |0  |
+----++----+----+---+---+---+---+---+
|    ||    |    |  1|   |  1|   |   |
|q=1 ||0   |0   |QQ |0  |QQ |0  |0  |
+----++----+----+---+---+---+---+---+
|    ||    |    |  1|   |  1|   |   |
|q=0 ||0   |0   |QQ |0  |QQ |0  |0  |
+----++----+----+---+---+---+---+---+
|q=-1||0   |0   |0  |0  |0  |0  |0  |
+----++----+----+---+---+---+---+---+
|q=-2||0   |0   |0  |0  |0  |0  |0  |
+----++----+----+---+---+---+---+---+
|    ||p=-2|p=-1|p=0|p=1|p=2|p=3|p=4|
+----++----+----+---+---+---+---+---+

page 2, with differential of degree {-2, 1}:
+----++----+----+---+---+---+---+---+
|q=3 ||0   |0   |0  |0  |0  |0  |0  |
+----++----+----+---+---+---+---+---+
|q=2 ||0   |0   |0  |0  |0  |0  |0  |
+----++----+----+---+---+---+---+---+
|    ||    |    |  1|   |  1|   |   |
|q=1 ||0   |0   |QQ |0  |QQ |0  |0  |
+----++----+----+---+---+---+---+---+
|    ||    |    |  1|   |  1|   |   |
|q=0 ||0   |0   |QQ |0  |QQ |0  |0  |
+----++----+----+---+---+---+---+---+
|q=-1||0   |0   |0  |0  |0  |0  |0  |
+----++----+----+---+---+---+---+---+
|q=-2||0   |0   |0  |0  |0  |0  |0  |
+----++----+----+---+---+---+---+---+
|    ||p=-2|p=-1|p=0|p=1|p=2|p=3|p=4|
+----++----+----+---+---+---+---+---+

page 3, with differential of degree {-3, 2}:
+----++----+----+---+---+---+---+---+
|q=3 ||0   |0   |0  |0  |0  |0  |0  |
+----++----+----+---+---+---+---+---+
|q=2 ||0   |0   |0  |0  |0  |0  |0  |
+----++----+----+---+---+---+---+---+
|    ||    |    |   |   |  1|   |   |
|q=1 ||0   |0   |0  |0  |QQ |0  |0  |
+----++----+----+---+---+---+---+---+
|    ||    |    |  1|   |   |   |   |
|q=0 ||0   |0   |QQ |0  |0  |0  |0  |
+----++----+----+---+---+---+---+---+
|q=-1||0   |0   |0  |0  |0  |0  |0  |
+----++----+----+---+---+---+---+---+
|q=-2||0   |0   |0  |0  |0  |0  |0  |
+----++----+----+---+---+---+---+---+
|    ||p=-2|p=-1|p=0|p=1|p=2|p=3|p=4|
+----++----+----+---+---+---+---+---+

page 4, with differential of degree {-4, 3}:
+----++----+----+---+---+---+---+---+
|q=3 ||0   |0   |0  |0  |0  |0  |0  |
+----++----+----+---+---+---+---+---+
|q=2 ||0   |0   |0  |0  |0  |0  |0  |
+----++----+----+---+---+---+---+---+
|    ||    |    |   |   |  1|   |   |
|q=1 ||0   |0   |0  |0  |QQ |0  |0  |
+----++----+----+---+---+---+---+---+
|    ||    |    |  1|   |   |   |   |
|q=0 ||0   |0   |QQ |0  |0  |0  |0  |
+----++----+----+---+---+---+---+---+
|q=-1||0   |0   |0  |0  |0  |0  |0  |
+----++----+----+---+---+---+---+---+
|q=-2||0   |0   |0  |0  |0  |0  |0  |
+----++----+----+---+---+---+---+---+
|    ||p=-2|p=-1|p=0|p=1|p=2|p=3|p=4|
+----++----+----+---+---+---+---+---+


i8 : 
