-- -*- M2-comint -*- hash: 1492585329

i1 : Xfacets = {{1,2},{2,3},{3,4},{1,4},{1,3}};

i2 : filt = f -> if #f == 1 then 0 else if f == {1,3} then 2 else 1;

i3 : couple = filteredSimplicialComplexCouple(Xfacets, filt);
warning: clearing value of symbol t to allow access to subscripted variables based on it
       : debug with expression   debug 5504   or with command line option   --debug 5504

i4 : plotPages((-1..3,-1..3,1..2), prune @@ evaluateInDegree, couple)
warning: clearing value of symbol e to allow access to subscripted variables based on it
       : debug with expression   debug 3903   or with command line option   --debug 3903
warning: clearing value of symbol t to allow access to subscripted variables based on it
       : debug with expression   debug 5504   or with command line option   --debug 5504
page 1, with differential of degree {-1, -1}:
+----++----+---+---+---+---+
|q=3 ||0   |0  |0  |0  |0  |
+----++----+---+---+---+---+
|    ||    |   |  1|   |   |
|q=2 ||0   |0  |ZZ |0  |0  |
+----++----+---+---+---+---+
|    ||    |   |  4|   |   |
|q=1 ||0   |0  |ZZ |0  |0  |
+----++----+---+---+---+---+
|    ||    |  4|   |   |   |
|q=0 ||0   |ZZ |0  |0  |0  |
+----++----+---+---+---+---+
|q=-1||0   |0  |0  |0  |0  |
+----++----+---+---+---+---+
|    ||p=-1|p=0|p=1|p=2|p=3|
+----++----+---+---+---+---+

page 2, with differential of degree {-1, -2}:
+----++----+---+---+---+---+
|q=3 ||0   |0  |0  |0  |0  |
+----++----+---+---+---+---+
|    ||    |   |  1|   |   |
|q=2 ||0   |0  |ZZ |0  |0  |
+----++----+---+---+---+---+
|    ||    |   |  1|   |   |
|q=1 ||0   |0  |ZZ |0  |0  |
+----++----+---+---+---+---+
|    ||    |  1|   |   |   |
|q=0 ||0   |ZZ |0  |0  |0  |
+----++----+---+---+---+---+
|q=-1||0   |0  |0  |0  |0  |
+----++----+---+---+---+---+
|    ||p=-1|p=0|p=1|p=2|p=3|
+----++----+---+---+---+---+


i5 : 
